Usuario conectado: Cuenta 1001 (PID: 6427)
Usuario conectado: Cuenta 1009 (PID: 6463)
Usuario conectado: Cuenta 1001 (PID: 8204)
Usuario (Cuenta 1001): Usuario con cuenta 1001 ha iniciado sesión.
[ERROR] Operación fallida para cuenta 1001: Error desconocido
Usuario conectado: Cuenta 1002 (PID: 8238)
Usuario desconectado: PID 8204
Usuario (Cuenta 1002): Usuario con cuenta 1002 ha iniciado sesión.
[ERROR] Operación fallida para cuenta 1002: Error desconocido
Usuario conectado: Cuenta 1001 (PID: 6328)
Usuario (Cuenta 1001): Usuario con cuenta 1001 ha iniciado sesión.
Usuario conectado: Cuenta 1001 (PID: 6555)
Usuario (Cuenta 1001): Usuario con cuenta 1001 ha iniciado sesión.
Usuario conectado: Cuenta 1009 (PID: 6573)
Usuario desconectado: PID 6555
Usuario (Cuenta 1009): Usuario con cuenta 1009 ha iniciado sesión.
Usuario conectado: Cuenta 1001 (PID: 7193)
Usuario (Cuenta 1001): Usuario con cuenta 1001 ha iniciado sesión.
Usuario conectado: Cuenta 1009 (PID: 7212)
Usuario desconectado: PID 7193
Usuario (Cuenta 1009): Usuario con cuenta 1009 ha iniciado sesión.
Usuario conectado: Cuenta 1001 (PID: 7408)
Usuario (Cuenta 1001): Usuario con cuenta 1001 ha iniciado sesión.
Usuario conectado: Cuenta 1001 (PID: 7854)
Usuario (Cuenta 1001): Usuario con cuenta 1001 ha iniciado sesión.
Usuario conectado: Cuenta 1001 (PID: 8078)
Usuario (Cuenta 1001): Usuario con cuenta 1001 ha iniciado sesión.
Usuario conectado: Cuenta 1001 (PID: 8409)
Usuario (Cuenta 1001): Usuario con cuenta 1001 ha iniciado sesión.
Usuario conectado: Cuenta 1001 (PID: 8439)
Usuario (Cuenta 1001): Usuario con cuenta 1001 ha iniciado sesión.
Usuario conectado: Cuenta 1001 (PID: 9284)
Usuario (Cuenta 1001): Usuario con cuenta 1001 ha iniciado sesión.
Usuario conectado: Cuenta 1001 (PID: 9728)
Usuario (Cuenta 1001): Usuario con cuenta 1001 ha iniciado sesión.
Usuario conectado: Cuenta 1001 (PID: 9746)
Usuario desconectado: PID 9728
Usuario (Cuenta 1001): Usuario con cuenta 1001 ha iniciado sesión.
Usuario conectado: Cuenta 1001 (PID: 10019)
Usuario conectado: Cuenta 1001 (PID: 10222)
Usuario conectado: Cuenta 1002 (PID: 10244)
Usuario desconectado: PID 10222
Usuario conectado: Cuenta 1003 (PID: 10265)
Usuario desconectado: PID 10244
Usuario conectado: Cuenta 1001 (PID: 10655)
Usuario conectado: Cuenta 1001 (PID: 10677)
Usuario desconectado: PID 10655
Usuario conectado: Cuenta 1001 (PID: 10691)
Usuario desconectado: PID 10677
Usuario conectado: Cuenta 1001 (PID: 10891)
Usuario desconectado: PID 10891
Usuario conectado: Cuenta 1001 (PID: 10911)
Usuario desconectado: PID 10911
Usuario conectado: Cuenta 1001 (PID: 10928)
Usuario desconectado: PID 10928
Usuario conectado: Cuenta 1002 (PID: 10943)
Usuario desconectado: PID 10943
Usuario conectado: Cuenta 1001 (PID: 11075)
Usuario desconectado: PID 11075
Usuario conectado: Cuenta 1001 (PID: 11162)
Usuario desconectado: PID 11162
Usuario conectado: Cuenta 1001 (PID: 11245)
Usuario conectado: Cuenta 1001 (PID: 11387)
Usuario (Cuenta 1001): Usuario con cuenta 1001 ha iniciado sesión.
Usuario conectado: Cuenta 1001 (PID: 11724)
Usuario (Cuenta 1001): Usuario con cuenta 1001 ha iniciado sesión.
Usuario conectado: Cuenta 1001 (PID: 11847)
Usuario (Cuenta 1001): Usuario con cuenta 1001 ha iniciado sesión.
Usuario conectado: Cuenta 1002 (PID: 11866)
Usuario desconectado: PID 11847
Usuario (Cuenta 1002): Usuario con cuenta 1002 ha iniciado sesión.
Usuario conectado: Cuenta 1001 (PID: 11886)
Usuario desconectado: PID 11866
Usuario (Cuenta 1001): Usuario con cuenta 1001 ha iniciado sesión.
Usuario conectado: Cuenta 1001 (PID: 12309)
Usuario (Cuenta 1001): Usuario con cuenta 1001 ha iniciado sesión.
Usuario conectado: Cuenta 1001 (PID: 12326)
Usuario desconectado: PID 12309
Usuario (Cuenta 1001): Usuario con cuenta 1001 ha iniciado sesión.
Usuario conectado: Cuenta 1001 (PID: 12352)
Usuario (Cuenta 1001): Usuario con cuenta 1001 ha iniciado sesión.
Usuario conectado: Cuenta 1001 (PID: 12498)
Usuario (Cuenta 1001): Usuario con cuenta 1001 ha iniciado sesión.
Usuario conectado: Cuenta 1001 (PID: 12518)
Usuario desconectado: PID 12498
Usuario (Cuenta 1001): Usuario con cuenta 1001 ha iniciado sesión.
Usuario conectado: Cuenta 1001 (PID: 12633)
Usuario (Cuenta 1001): Usuario con cuenta 1001 ha iniciado sesión.
Usuario conectado: Cuenta 1001 (PID: 13056)
Usuario (Cuenta 1001): Usuario con cuenta 1001 ha iniciado sesión.
Usuario conectado: Cuenta 1001 (PID: 13073)
Usuario desconectado: PID 13056
Usuario (Cuenta 1001): Usuario con cuenta 1001 ha iniciado sesión.
Usuario conectado: Cuenta 1001 (PID: 13228)
Usuario (Cuenta 1001): Usuario con cuenta 1001 ha iniciado sesión.
Usuario conectado: Cuenta 1001 (PID: 13296)
Usuario (Cuenta 1001): Usuario con cuenta 1001 ha iniciado sesión.
Usuario conectado: Cuenta 1001 (PID: 13386)
Usuario (Cuenta 1001): Usuario con cuenta 1001 ha iniciado sesión.
Usuario conectado: Cuenta 1004 (PID: 13409)
Usuario desconectado: PID 13386
Usuario (Cuenta 1004): Usuario con cuenta 1004 ha iniciado sesión.
Usuario conectado: Cuenta 1001 (PID: 13746)
Usuario (Cuenta 1001): Usuario con cuenta 1001 ha iniciado sesión.
Usuario conectado: Cuenta 1001 (PID: 14152)
Usuario (Cuenta 1001): Usuario con cuenta 1001 ha iniciado sesión.
Usuario conectado: Cuenta 1002 (PID: 14175)
Usuario desconectado: PID 14152
Usuario (Cuenta 1002): Usuario con cuenta 1002 ha iniciado sesión.
Usuario conectado: Cuenta 1001 (PID: 14194)
Usuario desconectado: PID 14175
Usuario (Cuenta 1001): Usuario con cuenta 1001 ha iniciado sesión.
Usuario conectado: Cuenta 1004 (PID: 14211)
Usuario desconectado: PID 14194
Usuario (Cuenta 1004): Usuario con cuenta 1004 ha iniciado sesión.
Usuario conectado: Cuenta 1001 (PID: 14643)
Usuario (Cuenta 1001): Usuario con cuenta 1001 ha iniciado sesión.
Usuario conectado: Cuenta 1001 (PID: 14782)
Usuario (Cuenta 1001): Usuario con cuenta 1001 ha iniciado sesión.
Usuario conectado: Cuenta 1001 (PID: 14923)
Usuario (Cuenta 1001): Usuario con cuenta 1001 ha iniciado sesión.
Usuario conectado: Cuenta 11001 (PID: 15184)
Usuario (Cuenta 11001): Usuario con cuenta 11001 ha iniciado sesión.
Usuario desconectado: PID 15184
Usuario conectado: Cuenta 1001 (PID: 15203)
Usuario (Cuenta 1001): Usuario con cuenta 1001 ha iniciado sesión.
Usuario desconectado: PID 15203
Usuario conectado: Cuenta 1001 (PID: 15218)
Usuario (Cuenta 1001): Usuario con cuenta 1001 ha iniciado sesión.
Usuario desconectado: PID 15218
Usuario conectado: Cuenta 1002 (PID: 15236)
Usuario (Cuenta 1002): Usuario con cuenta 1002 ha iniciado sesión.
Usuario desconectado: PID 15236
Usuario conectado: Cuenta 1003 (PID: 15259)
Usuario (Cuenta 1003): Usuario con cuenta 1003 ha iniciado sesión.
Usuario desconectado: PID 15259
Usuario conectado: Cuenta 41005 (PID: 15279)
Usuario (Cuenta 41005): Usuario con cuenta 41005 ha iniciado sesión.
Usuario desconectado: PID 15279
Usuario conectado: Cuenta 1001 (PID: 15301)
Usuario (Cuenta 1001): Usuario con cuenta 1001 ha iniciado sesión.
Usuario desconectado: PID 15301
Usuario conectado: Cuenta 1001 (PID: 15428)
Usuario (Cuenta 1001): Usuario con cuenta 1001 ha iniciado sesión.
Usuario desconectado: Cuenta 1001 (PID 15428)
Usuario conectado: Cuenta 1002 (PID: 15448)
Usuario (Cuenta 1002): Usuario con cuenta 1002 ha iniciado sesión.
Usuario desconectado: Cuenta 1002 (PID 15448)
Usuario conectado: Cuenta 1003 (PID: 15463)
Usuario (Cuenta 1003): Usuario con cuenta 1003 ha iniciado sesión.
Usuario desconectado: Cuenta 1003 (PID 15463)
